  Camera.cpp
\\bournemouth.ac.uk\data\Student\Home\SciTech\s5415659\GitHub\GraphicsAndComputationalProgramming\GCP_Raytracer_Framework_v1\GCP_Raytracer_Framework\Camera.cpp : fatal  error C1041: cannot open program database '\\bournemouth.ac.uk\data\Student\Home\SciTech\s5415659\GitHub\GraphicsAndComputationalProgramming\GCP_Raytracer_Framework_v1\GCP_Raytracer_Framework\x64\Debug\vc143.idb'; if multiple CL.EXE write to the same .PDB file, please use /FS
  GCP_GFX_Framework.cpp
  Main.cpp
\\bournemouth.ac.uk\data\Student\Home\SciTech\s5415659\GitHub\GraphicsAndComputationalProgramming\GCP_Raytracer_Framework_v1\GCP_Raytracer_Framework\Main.cpp(18,96): warning C4244: 'argument': conversion from '_Rep' to 'int', possible loss of data
          with
          [
              _Rep=__int64
          ]
  Object.cpp
  Plane.cpp
  Program.cpp
\\bournemouth.ac.uk\data\Student\Home\SciTech\s5415659\GitHub\GraphicsAndComputationalProgramming\GCP_Raytracer_Framework_v1\GCP_Raytracer_Framework\Program.cpp(25,12): warning C4244: 'argument': conversion from 'time_t' to 'unsigned int', possible loss of data
\\bournemouth.ac.uk\data\Student\Home\SciTech\s5415659\GitHub\GraphicsAndComputationalProgramming\GCP_Raytracer_Framework_v1\GCP_Raytracer_Framework\Program.cpp(168,16): warning C4244: 'argument': conversion from 'time_t' to 'unsigned int', possible loss of data
C:\Program Files\Microsoft Visual Studio\2022\Enterprise\VC\Tools\MSVC\14.35.32215\include\xutility(275,77): warning C4244: 'argument': conversion from '_Ty' to 'float', possible loss of data
          with
          [
              _Ty=int
          ]
C:\Program Files\Microsoft Visual Studio\2022\Enterprise\VC\Tools\MSVC\14.35.32215\include\memory(1983): message : see reference to function template instantiation 'void std::_Construct_in_place<_Ty,T&,T&,int>(_Ty &,T &,T &,int &&) noexcept(false)' being compiled
          with
          [
              _Ty=Camera,
              T=int
          ]
C:\Program Files\Microsoft Visual Studio\2022\Enterprise\VC\Tools\MSVC\14.35.32215\include\memory(2663): message : see reference to function template instantiation 'std::_Ref_count_obj2<Camera>::_Ref_count_obj2<T&,T&,_Ty>(T &,T &,_Ty &&)' being compiled
          with
          [
              T=int,
              _Ty=int
          ]
C:\Program Files\Microsoft Visual Studio\2022\Enterprise\VC\Tools\MSVC\14.35.32215\include\memory(2664,20): message : see reference to function template instantiation 'std::_Ref_count_obj2<Camera>::_Ref_count_obj2<T&,T&,_Ty>(T &,T &,_Ty &&)' being compiled
          with
          [
              T=int,
              _Ty=int
          ]
\\bournemouth.ac.uk\data\Student\Home\SciTech\s5415659\GitHub\GraphicsAndComputationalProgramming\GCP_Raytracer_Framework_v1\GCP_Raytracer_Framework\Program.cpp(123,60): message : see reference to function template instantiation 'std::shared_ptr<Camera> std::make_shared<Camera,T&,T&,int>(T &,T &,int &&)' being compiled
          with
          [
              T=int
          ]
C:\Program Files\Microsoft Visual Studio\2022\Enterprise\VC\Tools\MSVC\14.35.32215\include\xutility(275,77): warning C4244: 'argument': conversion from 'T' to 'float', possible loss of data
          with
          [
              T=int
          ]
  Ray.cpp
  RayTracer.cpp
\\bournemouth.ac.uk\data\Student\Home\SciTech\s5415659\GitHub\GraphicsAndComputationalProgramming\GCP_Raytracer_Framework_v1\GCP_Raytracer_Framework\RayTracer.cpp(47,40): error C2039: 'colour2': is not a member of 'Object'
\\bournemouth.ac.uk\data\Student\Home\SciTech\s5415659\GitHub\GraphicsAndComputationalProgramming\GCP_Raytracer_Framework_v1\GCP_Raytracer_Framework\Object.h(14,8): message : see declaration of 'Object'
\\bournemouth.ac.uk\data\Student\Home\SciTech\s5415659\GitHub\GraphicsAndComputationalProgramming\GCP_Raytracer_Framework_v1\GCP_Raytracer_Framework\RayTracer.cpp(48,132): error C2039: 'colour2': is not a member of 'Object'
\\bournemouth.ac.uk\data\Student\Home\SciTech\s5415659\GitHub\GraphicsAndComputationalProgramming\GCP_Raytracer_Framework_v1\GCP_Raytracer_Framework\Object.h(14,8): message : see declaration of 'Object'
\\bournemouth.ac.uk\data\Student\Home\SciTech\s5415659\GitHub\GraphicsAndComputationalProgramming\GCP_Raytracer_Framework_v1\GCP_Raytracer_Framework\RayTracer.cpp(135,40): error C2039: 'colour2': is not a member of 'Object'
\\bournemouth.ac.uk\data\Student\Home\SciTech\s5415659\GitHub\GraphicsAndComputationalProgramming\GCP_Raytracer_Framework_v1\GCP_Raytracer_Framework\Object.h(14,8): message : see declaration of 'Object'
\\bournemouth.ac.uk\data\Student\Home\SciTech\s5415659\GitHub\GraphicsAndComputationalProgramming\GCP_Raytracer_Framework_v1\GCP_Raytracer_Framework\RayTracer.cpp(136,44): error C2039: 'colour2': is not a member of 'Object'
\\bournemouth.ac.uk\data\Student\Home\SciTech\s5415659\GitHub\GraphicsAndComputationalProgramming\GCP_Raytracer_Framework_v1\GCP_Raytracer_Framework\Object.h(14,8): message : see declaration of 'Object'
\\bournemouth.ac.uk\data\Student\Home\SciTech\s5415659\GitHub\GraphicsAndComputationalProgramming\GCP_Raytracer_Framework_v1\GCP_Raytracer_Framework\RayTracer.cpp(196,12): warning C4244: 'initializing': conversion from 'double' to 'float', possible loss of data
  Sphere.cpp
  ThreadPool.cpp
  Generating Code...
